  Order.cpp
C:\Users\Senjor\source\repos\PPPP3\PPPP3\Source.cpp(95,8): error C3646: createTrack: неизвестный спецификатор переопределения
C:\Users\Senjor\source\repos\PPPP3\PPPP3\Source.cpp(95,19): error C2059: синтаксическая ошибка: (
C:\Users\Senjor\source\repos\PPPP3\PPPP3\Source.cpp(95,29): error C2238: непредвиденные лексемы перед ";"
C:\Users\Senjor\source\repos\PPPP3\PPPP3\Source.cpp(96,8): error C3646: createTrack1: неизвестный спецификатор переопределения
C:\Users\Senjor\source\repos\PPPP3\PPPP3\Source.cpp(96,20): error C2059: синтаксическая ошибка: (
C:\Users\Senjor\source\repos\PPPP3\PPPP3\Source.cpp(96,42): error C2238: непредвиденные лексемы перед ";"
C:\Users\Senjor\source\repos\PPPP3\PPPP3\Source.cpp(97,8): error C3646: createTrack2: неизвестный спецификатор переопределения
C:\Users\Senjor\source\repos\PPPP3\PPPP3\Source.cpp(97,20): error C2059: синтаксическая ошибка: (
C:\Users\Senjor\source\repos\PPPP3\PPPP3\Source.cpp(97,42): error C2238: непредвиденные лексемы перед ";"
C:\Users\Senjor\source\repos\PPPP3\PPPP3\Source.cpp(98,8): error C3646: createTrack3: неизвестный спецификатор переопределения
C:\Users\Senjor\source\repos\PPPP3\PPPP3\Source.cpp(98,20): error C2059: синтаксическая ошибка: (
C:\Users\Senjor\source\repos\PPPP3\PPPP3\Source.cpp(98,54): error C2238: непредвиденные лексемы перед ";"
C:\Users\Senjor\source\repos\PPPP3\PPPP3\Source.cpp(99,8): error C3646: createTrack4: неизвестный спецификатор переопределения
C:\Users\Senjor\source\repos\PPPP3\PPPP3\Source.cpp(99,20): error C2059: синтаксическая ошибка: (
C:\Users\Senjor\source\repos\PPPP3\PPPP3\Source.cpp(99,66): error C2238: непредвиденные лексемы перед ";"
C:\Users\Senjor\source\repos\PPPP3\PPPP3\OrderBuilder.h(11,1): error C3141: IOrder: интерфейсы поддерживают наследование только открытых методов
C:\Users\Senjor\source\repos\PPPP3\PPPP3\TransportFactory.h(4,1): error C3141: ITransport: интерфейсы поддерживают наследование только открытых методов
C:\Users\Senjor\source\repos\PPPP3\PPPP3\TransportFactoryDefault.h(4,1): error C3141: ITransport: интерфейсы поддерживают наследование только открытых методов
  OrderBuilder.cpp
C:\Users\Senjor\source\repos\PPPP3\PPPP3\OrderBuilder.h(11,1): error C3141: IOrder: интерфейсы поддерживают наследование только открытых методов
  Source.cpp
C:\Users\Senjor\source\repos\PPPP3\PPPP3\Source.cpp(95,8): error C3646: createTrack: неизвестный спецификатор переопределения
C:\Users\Senjor\source\repos\PPPP3\PPPP3\Source.cpp(95,19): error C2059: синтаксическая ошибка: (
C:\Users\Senjor\source\repos\PPPP3\PPPP3\Source.cpp(95,29): error C2238: непредвиденные лексемы перед ";"
C:\Users\Senjor\source\repos\PPPP3\PPPP3\Source.cpp(96,8): error C3646: createTrack1: неизвестный спецификатор переопределения
C:\Users\Senjor\source\repos\PPPP3\PPPP3\Source.cpp(96,20): error C2059: синтаксическая ошибка: (
C:\Users\Senjor\source\repos\PPPP3\PPPP3\Source.cpp(96,42): error C2238: непредвиденные лексемы перед ";"
C:\Users\Senjor\source\repos\PPPP3\PPPP3\Source.cpp(97,8): error C3646: createTrack2: неизвестный спецификатор переопределения
C:\Users\Senjor\source\repos\PPPP3\PPPP3\Source.cpp(97,20): error C2059: синтаксическая ошибка: (
C:\Users\Senjor\source\repos\PPPP3\PPPP3\Source.cpp(97,42): error C2238: непредвиденные лексемы перед ";"
C:\Users\Senjor\source\repos\PPPP3\PPPP3\Source.cpp(98,8): error C3646: createTrack3: неизвестный спецификатор переопределения
C:\Users\Senjor\source\repos\PPPP3\PPPP3\Source.cpp(98,20): error C2059: синтаксическая ошибка: (
C:\Users\Senjor\source\repos\PPPP3\PPPP3\Source.cpp(98,54): error C2238: непредвиденные лексемы перед ";"
C:\Users\Senjor\source\repos\PPPP3\PPPP3\Source.cpp(99,8): error C3646: createTrack4: неизвестный спецификатор переопределения
C:\Users\Senjor\source\repos\PPPP3\PPPP3\Source.cpp(99,20): error C2059: синтаксическая ошибка: (
C:\Users\Senjor\source\repos\PPPP3\PPPP3\Source.cpp(99,66): error C2238: непредвиденные лексемы перед ";"
C:\Users\Senjor\source\repos\PPPP3\PPPP3\Source.cpp(13,16): error C2371: SIZE: переопределение; различные базовые типы
C:\Users\Senjor\source\repos\PPPP3\PPPP3\Source.cpp(13): message : см. объявление "SIZE"
C:\Users\Senjor\source\repos\PPPP3\PPPP3\Source.cpp(15,19): error C2369: points: переопределение; различные индексы
C:\Users\Senjor\source\repos\PPPP3\PPPP3\Source.cpp(15): message : см. объявление "points"
C:\Users\Senjor\source\repos\PPPP3\PPPP3\Source.cpp(15,45): error C2078: слишком много инициализаторов
C:\Users\Senjor\source\repos\PPPP3\PPPP3\Source.cpp(19,34): error C2374: towns: переопределение; множественная инициализация
C:\Users\Senjor\source\repos\PPPP3\PPPP3\Source.cpp(19): message : см. объявление "towns"
C:\Users\Senjor\source\repos\PPPP3\PPPP3\Source.cpp(28,34): error C2374: table: переопределение; множественная инициализация
C:\Users\Senjor\source\repos\PPPP3\PPPP3\Source.cpp(28): message : см. объявление "table"
C:\Users\Senjor\source\repos\PPPP3\PPPP3\Source.cpp(37,36): error C2374: tableCost: переопределение; множественная инициализация
C:\Users\Senjor\source\repos\PPPP3\PPPP3\Source.cpp(37): message : см. объявление "tableCost"
C:\Users\Senjor\source\repos\PPPP3\PPPP3\Source.cpp(60,11): error C2369: matrixDist: переопределение; различные индексы
C:\Users\Senjor\source\repos\PPPP3\PPPP3\Source.cpp(60): message : см. объявление "matrixDist"
C:\Users\Senjor\source\repos\PPPP3\PPPP3\Source.cpp(61,5): error C2078: слишком много инициализаторов
C:\Users\Senjor\source\repos\PPPP3\PPPP3\Source.cpp(79,11): error C2011: Type: переопределение типа "enum"
C:\Users\Senjor\source\repos\PPPP3\PPPP3\Source.cpp(79): message : см. объявление "Type"
C:\Users\Senjor\source\repos\PPPP3\PPPP3\Source.cpp(84,1): error C2011: ITransport: переопределение типа "interface"
C:\Users\Senjor\source\repos\PPPP3\PPPP3\Source.cpp(83): message : см. объявление "ITransport"
C:\Users\Senjor\source\repos\PPPP3\PPPP3\Source.cpp(93,1): error C2011: IOrder: переопределение типа "interface"
C:\Users\Senjor\source\repos\PPPP3\PPPP3\Source.cpp(92): message : см. объявление "IOrder"
  Track.cpp
C:\Users\Senjor\source\repos\PPPP3\PPPP3\Source.cpp(95,8): error C3646: createTrack: неизвестный спецификатор переопределения
C:\Users\Senjor\source\repos\PPPP3\PPPP3\Source.cpp(95,19): error C2059: синтаксическая ошибка: (
C:\Users\Senjor\source\repos\PPPP3\PPPP3\Source.cpp(95,29): error C2238: непредвиденные лексемы перед ";"
C:\Users\Senjor\source\repos\PPPP3\PPPP3\Source.cpp(96,8): error C3646: createTrack1: неизвестный спецификатор переопределения
C:\Users\Senjor\source\repos\PPPP3\PPPP3\Source.cpp(96,20): error C2059: синтаксическая ошибка: (
C:\Users\Senjor\source\repos\PPPP3\PPPP3\Source.cpp(96,42): error C2238: непредвиденные лексемы перед ";"
C:\Users\Senjor\source\repos\PPPP3\PPPP3\Source.cpp(97,8): error C3646: createTrack2: неизвестный спецификатор переопределения
C:\Users\Senjor\source\repos\PPPP3\PPPP3\Source.cpp(97,20): error C2059: синтаксическая ошибка: (
C:\Users\Senjor\source\repos\PPPP3\PPPP3\Source.cpp(97,42): error C2238: непредвиденные лексемы перед ";"
C:\Users\Senjor\source\repos\PPPP3\PPPP3\Source.cpp(98,8): error C3646: createTrack3: неизвестный спецификатор переопределения
C:\Users\Senjor\source\repos\PPPP3\PPPP3\Source.cpp(98,20): error C2059: синтаксическая ошибка: (
C:\Users\Senjor\source\repos\PPPP3\PPPP3\Source.cpp(98,54): error C2238: непредвиденные лексемы перед ";"
C:\Users\Senjor\source\repos\PPPP3\PPPP3\Source.cpp(99,8): error C3646: createTrack4: неизвестный спецификатор переопределения
C:\Users\Senjor\source\repos\PPPP3\PPPP3\Source.cpp(99,20): error C2059: синтаксическая ошибка: (
C:\Users\Senjor\source\repos\PPPP3\PPPP3\Source.cpp(99,66): error C2238: непредвиденные лексемы перед ";"
  Train.cpp
C:\Users\Senjor\source\repos\PPPP3\PPPP3\Train.cpp(14,33): warning C4244: =: преобразование "double" в "int", возможна потеря данных
  TransportFactory.cpp
C:\Users\Senjor\source\repos\PPPP3\PPPP3\TransportFactory.h(4,1): error C3141: ITransport: интерфейсы поддерживают наследование только открытых методов
  TransportFactoryDefault.cpp
C:\Users\Senjor\source\repos\PPPP3\PPPP3\TransportFactoryDefault.h(4,1): error C3141: ITransport: интерфейсы поддерживают наследование только открытых методов
  Создание кода...
